<?xml version="1.0" encoding="UTF-8"?>
<!-- Generated by org.testng.reporters.JUnitReportReporter -->
<testsuite hostname="MSI" failures="0" tests="1" name="TriangleTest" time="12.247" errors="0" timestamp="2024-04-30T11:53:17 OMST" skipped="0">
  <testcase classname="TriangleTest" name="giveUpThePuzzle" time="12.247"/>
</testsuite> <!-- TriangleTest -->
